2020/12/12 16:43:12 [error] 27#27: *1 FastCGI sent in stderr: "PHP message: Slim Application Error
Type: Error
Code: 0
Message: Class 'App\App\Infra\DAO\Customer' not found
File: /var/www/html/config/containers.php
Line: 27
Trace: #0 [internal function]: {closure}()
#1 /var/www/html/vendor/php-di/invoker/src/Invoker.php(75): call_user_func_array(Object(Closure), Array)
#2 /var/www/html/vendor/php-di/php-di/src/Definition/Resolver/FactoryResolver.php(80): Invoker\Invoker->call(Object(Closure), Array)
#3 /var/www/html/vendor/php-di/php-di/src/Definition/Resolver/ResolverDispatcher.php(71): DI\Definition\Resolver\FactoryResolver->resolve(Object(DI\Definition\FactoryDefinition), Array)
#4 /var/www/html/vendor/php-di/php-di/src/Container.php(387): DI\Definition\Resolver\ResolverDispatcher->resolve(Object(DI\Definition\FactoryDefinition), Array)
#5 /var/www/html/vendor/php-di/php-di/src/Container.php(138): DI\Container->resolveDefinition(Object(DI\Definition\FactoryDefinition))
#6 /var/www/html/vendor/php-di/php-di/src/Definition/Reference.php(53): DI\Container->get('App\\Domain\\User...')
#7 /var/www/html/vendor/php-di/php-di/src/Definition/Resolver/ResolverDispatcher.php(66): DI\Definition\Reference->resolve(Object(DI\Container))
#8 /var/www/html/vendor/php-di/php-di/src/Definition/Resolver/ParameterResolver.php(78): DI\Definition\Resolver\ResolverDispatcher->resolve(Object(DI\Definition\Reference))
#9 /var/www/html/vendor/php-di/php-di/src/Definition/Resolver/ObjectCreator.php(138): DI\Definition\Resolver\ParameterResolver->resolveParameters(Object(DI\Definition\ObjectDefinition\MethodInjection), Object(ReflectionMethod), Array)
#10 /var/www/html/vendor/php-di/php-di/src/Definition/Resolver/ObjectCreator.php(71): DI\Definition\Resolver\ObjectCreator->createInstance(Object(DI\Definition\ObjectDefinition), Array)
#11 /var/www/html/vendor/php-di/php-di/src/Definition/Resolver/ResolverDispatcher.php(71): DI\Definition\Resolver\ObjectCreator->resolve(Object(DI\Definition\ObjectDefinition), Array)
#12 /var/www/html/vendo
2020/12/12 16:43:12 [error] 27#27: *1 FastCGI sent in stderr: "bject(Slim\Psr7\Request))
#28 /var/www/html/vendor/slim/slim/Slim/App.php(199): Slim\App->handle(Object(Slim\Psr7\Request))
#29 /var/www/html/public/index.php(23): Slim\App->run()
#30 {main}" while reading response header from upstream, client: 172.24.0.1, server: blog.local, request: "POST /user HTTP/1.1", upstream: "fastcgi://172.24.0.3:9000", host: "blog.local"
2020/12/12 16:43:41 [error] 27#27: *1 FastCGI sent in stderr: "PHP message: Slim Application Error
Type: TypeError
Code: 0
Message: Argument 1 passed to App\Domain\User\VOs\DisplayNameVo::__construct() must be of the type string, null given, called in /var/www/html/src/App/Controllers/UserController.php on line 35
File: /var/www/html/src/Domain/User/VOs/DisplayNameVo.php
Line: 19
Trace: #0 /var/www/html/src/App/Controllers/UserController.php(35): App\Domain\User\VOs\DisplayNameVo->__construct(NULL)
#1 /var/www/html/vendor/slim/slim/Slim/Handlers/Strategies/RequestResponse.php(43): App\App\Controllers\UserController->save(Object(Slim\Psr7\Request), Object(Slim\Psr7\Response), Array)
#2 /var/www/html/vendor/slim/slim/Slim/Routing/Route.php(384): Slim\Handlers\Strategies\RequestResponse->__invoke(Array, Object(Slim\Psr7\Request), Object(Slim\Psr7\Response), Array)
#3 /var/www/html/vendor/slim/slim/Slim/MiddlewareDispatcher.php(81): Slim\Routing\Route->handle(Object(Slim\Psr7\Request))
#4 /var/www/html/vendor/slim/slim/Slim/MiddlewareDispatcher.php(81): Slim\MiddlewareDispatcher->handle(Object(Slim\Psr7\Request))
#5 /var/www/html/vendor/slim/slim/Slim/Routing/Route.php(341): Slim\MiddlewareDispatcher->handle(Object(Slim\Psr7\Request))
#6 /var/www/html/vendor/slim/slim/Slim/Routing/RouteRunner.php(84): Slim\Routing\Route->run(Object(Slim\Psr7\Request))
#7 /var/www/html/vendor/slim/slim/Slim/Middleware/ErrorMiddleware.php(107): Slim\Routing\RouteRunner->handle(Object(Slim\Psr7\Request))
#8 /var/www/html/vendor/slim/slim/Slim/MiddlewareDispatcher.php(147): Slim\Middleware\ErrorMiddleware->process(Object(Slim\Psr7\Request), Object(Slim\Routing\RouteRunner))
#9 /var/www/html/vendor/slim/slim/Slim/Middleware/RoutingMiddleware.php(59): class@anonymous->handle(Object(Slim\Psr7\Request))
#10 /var/www/html/vendor/slim/slim/Slim/MiddlewareDispatcher.php(147): Slim\Middleware\RoutingMiddleware->process(Object(Slim\Psr7\Request), Object(class@anonymous))
#11 /var/www/html/vendor/slim/slim/Slim/MiddlewareDispatcher.php(81): class
2020/12/12 16:45:32 [error] 27#27: *5 FastCGI sent in stderr: "PHP message: Slim Application Error
Type: TypeError
Code: 0
Message: Argument 1 passed to App\Domain\User\VOs\DisplayNameVo::__construct() must be of the type string, null given, called in /var/www/html/src/App/Controllers/UserController.php on line 35
File: /var/www/html/src/Domain/User/VOs/DisplayNameVo.php
Line: 19
Trace: #0 /var/www/html/src/App/Controllers/UserController.php(35): App\Domain\User\VOs\DisplayNameVo->__construct(NULL)
#1 /var/www/html/vendor/slim/slim/Slim/Handlers/Strategies/RequestResponse.php(43): App\App\Controllers\UserController->save(Object(Slim\Psr7\Request), Object(Slim\Psr7\Response), Array)
#2 /var/www/html/vendor/slim/slim/Slim/Routing/Route.php(384): Slim\Handlers\Strategies\RequestResponse->__invoke(Array, Object(Slim\Psr7\Request), Object(Slim\Psr7\Response), Array)
#3 /var/www/html/vendor/slim/slim/Slim/MiddlewareDispatcher.php(81): Slim\Routing\Route->handle(Object(Slim\Psr7\Request))
#4 /var/www/html/vendor/slim/slim/Slim/MiddlewareDispatcher.php(81): Slim\MiddlewareDispatcher->handle(Object(Slim\Psr7\Request))
#5 /var/www/html/vendor/slim/slim/Slim/Routing/Route.php(341): Slim\MiddlewareDispatcher->handle(Object(Slim\Psr7\Request))
#6 /var/www/html/vendor/slim/slim/Slim/Routing/RouteRunner.php(84): Slim\Routing\Route->run(Object(Slim\Psr7\Request))
#7 /var/www/html/vendor/slim/slim/Slim/Middleware/ErrorMiddleware.php(107): Slim\Routing\RouteRunner->handle(Object(Slim\Psr7\Request))
#8 /var/www/html/vendor/slim/slim/Slim/MiddlewareDispatcher.php(147): Slim\Middleware\ErrorMiddleware->process(Object(Slim\Psr7\Request), Object(Slim\Routing\RouteRunner))
#9 /var/www/html/vendor/slim/slim/Slim/Middleware/RoutingMiddleware.php(59): class@anonymous->handle(Object(Slim\Psr7\Request))
#10 /var/www/html/vendor/slim/slim/Slim/MiddlewareDispatcher.php(147): Slim\Middleware\RoutingMiddleware->process(Object(Slim\Psr7\Request), Object(class@anonymous))
#11 /var/www/html/vendor/slim/slim/Slim/MiddlewareDispatcher.php(81): class
2020/12/12 16:46:10 [error] 27#27: *5 FastCGI sent in stderr: "PHP message: Slim Application Error
Type: TypeError
Code: 0
Message: Argument 1 passed to App\Domain\User\VOs\DisplayNameVo::__construct() must be of the type string, null given, called in /var/www/html/src/App/Controllers/UserController.php on line 35
File: /var/www/html/src/Domain/User/VOs/DisplayNameVo.php
Line: 19
Trace: #0 /var/www/html/src/App/Controllers/UserController.php(35): App\Domain\User\VOs\DisplayNameVo->__construct(NULL)
#1 /var/www/html/vendor/slim/slim/Slim/Handlers/Strategies/RequestResponse.php(43): App\App\Controllers\UserController->save(Object(Slim\Psr7\Request), Object(Slim\Psr7\Response), Array)
#2 /var/www/html/vendor/slim/slim/Slim/Routing/Route.php(384): Slim\Handlers\Strategies\RequestResponse->__invoke(Array, Object(Slim\Psr7\Request), Object(Slim\Psr7\Response), Array)
#3 /var/www/html/src/App/Middleware/ParseRequest.php(21): Slim\Routing\Route->handle(Object(Slim\Psr7\Request))
#4 /var/www/html/vendor/slim/slim/Slim/MiddlewareDispatcher.php(209): App\App\Middleware\ParseRequest->__invoke(Object(Slim\Psr7\Request), Object(Slim\Routing\Route))
#5 /var/www/html/vendor/slim/slim/Slim/MiddlewareDispatcher.php(81): class@anonymous->handle(Object(Slim\Psr7\Request))
#6 /var/www/html/vendor/slim/slim/Slim/MiddlewareDispatcher.php(81): Slim\MiddlewareDispatcher->handle(Object(Slim\Psr7\Request))
#7 /var/www/html/vendor/slim/slim/Slim/Routing/Route.php(341): Slim\MiddlewareDispatcher->handle(Object(Slim\Psr7\Request))
#8 /var/www/html/vendor/slim/slim/Slim/Routing/RouteRunner.php(84): Slim\Routing\Route->run(Object(Slim\Psr7\Request))
#9 /var/www/html/vendor/slim/slim/Slim/Middleware/ErrorMiddleware.php(107): Slim\Routing\RouteRunner->handle(Object(Slim\Psr7\Request))
#10 /var/www/html/vendor/slim/slim/Slim/MiddlewareDispatcher.php(147): Slim\Middleware\ErrorMiddleware->process(Object(Slim\Psr7\Request), Object(Slim\Routing\RouteRunner))
#11 /var/www/html/vendor/slim/slim/Slim/Middleware/RoutingMiddleware.php(59): class@anonymou
2020/12/12 16:46:28 [error] 27#27: *5 FastCGI sent in stderr: "PHP message: Slim Application Error
Type: TypeError
Code: 0
Message: Argument 1 passed to App\Domain\User\VOs\DisplayNameVo::__construct() must be of the type string, null given, called in /var/www/html/src/App/Controllers/UserController.php on line 35
File: /var/www/html/src/Domain/User/VOs/DisplayNameVo.php
Line: 19
Trace: #0 /var/www/html/src/App/Controllers/UserController.php(35): App\Domain\User\VOs\DisplayNameVo->__construct(NULL)
#1 /var/www/html/vendor/slim/slim/Slim/Handlers/Strategies/RequestResponse.php(43): App\App\Controllers\UserController->save(Object(Slim\Psr7\Request), Object(Slim\Psr7\Response), Array)
#2 /var/www/html/vendor/slim/slim/Slim/Routing/Route.php(384): Slim\Handlers\Strategies\RequestResponse->__invoke(Array, Object(Slim\Psr7\Request), Object(Slim\Psr7\Response), Array)
#3 /var/www/html/src/App/Middleware/ParseRequest.php(21): Slim\Routing\Route->handle(Object(Slim\Psr7\Request))
#4 /var/www/html/vendor/slim/slim/Slim/MiddlewareDispatcher.php(209): App\App\Middleware\ParseRequest->__invoke(Object(Slim\Psr7\Request), Object(Slim\Routing\Route))
#5 /var/www/html/vendor/slim/slim/Slim/MiddlewareDispatcher.php(81): class@anonymous->handle(Object(Slim\Psr7\Request))
#6 /var/www/html/vendor/slim/slim/Slim/MiddlewareDispatcher.php(81): Slim\MiddlewareDispatcher->handle(Object(Slim\Psr7\Request))
#7 /var/www/html/vendor/slim/slim/Slim/Routing/Route.php(341): Slim\MiddlewareDispatcher->handle(Object(Slim\Psr7\Request))
#8 /var/www/html/vendor/slim/slim/Slim/Routing/RouteRunner.php(84): Slim\Routing\Route->run(Object(Slim\Psr7\Request))
#9 /var/www/html/vendor/slim/slim/Slim/Middleware/ErrorMiddleware.php(107): Slim\Routing\RouteRunner->handle(Object(Slim\Psr7\Request))
#10 /var/www/html/vendor/slim/slim/Slim/MiddlewareDispatcher.php(147): Slim\Middleware\ErrorMiddleware->process(Object(Slim\Psr7\Request), Object(Slim\Routing\RouteRunner))
#11 /var/www/html/vendor/slim/slim/Slim/Middleware/RoutingMiddleware.php(59): class@anonymou
2020/12/12 16:47:09 [error] 27#27: *5 FastCGI sent in stderr: "PHP message: Slim Application Error
Type: TypeError
Code: 0
Message: Argument 1 passed to App\Domain\User\VOs\DisplayNameVo::__construct() must be of the type string, null given, called in /var/www/html/src/App/Controllers/UserController.php on line 35
File: /var/www/html/src/Domain/User/VOs/DisplayNameVo.php
Line: 19
Trace: #0 /var/www/html/src/App/Controllers/UserController.php(35): App\Domain\User\VOs\DisplayNameVo->__construct(NULL)
#1 /var/www/html/vendor/slim/slim/Slim/Handlers/Strategies/RequestResponse.php(43): App\App\Controllers\UserController->save(Object(Slim\Psr7\Request), Object(Slim\Psr7\Response), Array)
#2 /var/www/html/vendor/slim/slim/Slim/Routing/Route.php(384): Slim\Handlers\Strategies\RequestResponse->__invoke(Array, Object(Slim\Psr7\Request), Object(Slim\Psr7\Response), Array)
#3 /var/www/html/vendor/slim/slim/Slim/MiddlewareDispatcher.php(81): Slim\Routing\Route->handle(Object(Slim\Psr7\Request))
#4 /var/www/html/vendor/slim/slim/Slim/MiddlewareDispatcher.php(81): Slim\MiddlewareDispatcher->handle(Object(Slim\Psr7\Request))
#5 /var/www/html/vendor/slim/slim/Slim/Routing/Route.php(341): Slim\MiddlewareDispatcher->handle(Object(Slim\Psr7\Request))
#6 /var/www/html/vendor/slim/slim/Slim/Routing/RouteRunner.php(84): Slim\Routing\Route->run(Object(Slim\Psr7\Request))
#7 /var/www/html/vendor/slim/slim/Slim/Middleware/ErrorMiddleware.php(107): Slim\Routing\RouteRunner->handle(Object(Slim\Psr7\Request))
#8 /var/www/html/vendor/slim/slim/Slim/MiddlewareDispatcher.php(147): Slim\Middleware\ErrorMiddleware->process(Object(Slim\Psr7\Request), Object(Slim\Routing\RouteRunner))
#9 /var/www/html/vendor/slim/slim/Slim/Middleware/RoutingMiddleware.php(59): class@anonymous->handle(Object(Slim\Psr7\Request))
#10 /var/www/html/vendor/slim/slim/Slim/MiddlewareDispatcher.php(147): Slim\Middleware\RoutingMiddleware->process(Object(Slim\Psr7\Request), Object(class@anonymous))
#11 /var/www/html/vendor/slim/slim/Slim/MiddlewareDispatcher.php(81): class
2020/12/12 16:47:12 [error] 27#27: *5 FastCGI sent in stderr: "PHP message: Slim Application Error
Type: App\Domain\User\Exceptions\InvalidPasswordException
Code: 0
Message: Passowrd is invalid
File: /var/www/html/src/Domain/User/VOs/PasswordVo.php
Line: 18
Trace: #0 /var/www/html/src/App/Controllers/UserController.php(37): App\Domain\User\VOs\PasswordVo->__construct('123456')
#1 /var/www/html/vendor/slim/slim/Slim/Handlers/Strategies/RequestResponse.php(43): App\App\Controllers\UserController->save(Object(Slim\Psr7\Request), Object(Slim\Psr7\Response), Array)
#2 /var/www/html/vendor/slim/slim/Slim/Routing/Route.php(384): Slim\Handlers\Strategies\RequestResponse->__invoke(Array, Object(Slim\Psr7\Request), Object(Slim\Psr7\Response), Array)
#3 /var/www/html/src/App/Middleware/ParseRequest.php(21): Slim\Routing\Route->handle(Object(Slim\Psr7\Request))
#4 /var/www/html/vendor/slim/slim/Slim/MiddlewareDispatcher.php(209): App\App\Middleware\ParseRequest->__invoke(Object(Slim\Psr7\Request), Object(Slim\Routing\Route))
#5 /var/www/html/vendor/slim/slim/Slim/MiddlewareDispatcher.php(81): class@anonymous->handle(Object(Slim\Psr7\Request))
#6 /var/www/html/vendor/slim/slim/Slim/MiddlewareDispatcher.php(81): Slim\MiddlewareDispatcher->handle(Object(Slim\Psr7\Request))
#7 /var/www/html/vendor/slim/slim/Slim/Routing/Route.php(341): Slim\MiddlewareDispatcher->handle(Object(Slim\Psr7\Request))
#8 /var/www/html/vendor/slim/slim/Slim/Routing/RouteRunner.php(84): Slim\Routing\Route->run(Object(Slim\Psr7\Request))
#9 /var/www/html/vendor/slim/slim/Slim/Middleware/ErrorMiddleware.php(107): Slim\Routing\RouteRunner->handle(Object(Slim\Psr7\Request))
#10 /var/www/html/vendor/slim/slim/Slim/MiddlewareDispatcher.php(147): Slim\Middleware\ErrorMiddleware->process(Object(Slim\Psr7\Request), Object(Slim\Routing\RouteRunner))
#11 /var/www/html/vendor/slim/slim/Slim/Middleware/RoutingMiddleware.php(59): class@anonymous->handle(Object(Slim\Psr7\Request))
#12 /var/www/html/vendor/slim/slim/Slim/MiddlewareDispatcher.php(147): Slim\Middleware\
2020/12/12 16:48:17 [error] 27#27: *5 FastCGI sent in stderr: "PHP message: Slim Application Error
Type: App\Domain\User\Exceptions\InvalidEmailException
Code: 0
Message: Email is invalid
File: /var/www/html/src/Domain/User/VOs/EmailVo.php
Line: 23
Trace: #0 /var/www/html/src/App/Controllers/UserController.php(36): App\Domain\User\VOs\EmailVo->__construct('brett')
#1 /var/www/html/vendor/slim/slim/Slim/Handlers/Strategies/RequestResponse.php(43): App\App\Controllers\UserController->save(Object(Slim\Psr7\Request), Object(Slim\Psr7\Response), Array)
#2 /var/www/html/vendor/slim/slim/Slim/Routing/Route.php(384): Slim\Handlers\Strategies\RequestResponse->__invoke(Array, Object(Slim\Psr7\Request), Object(Slim\Psr7\Response), Array)
#3 /var/www/html/src/App/Middleware/ParseRequest.php(21): Slim\Routing\Route->handle(Object(Slim\Psr7\Request))
#4 /var/www/html/vendor/slim/slim/Slim/MiddlewareDispatcher.php(209): App\App\Middleware\ParseRequest->__invoke(Object(Slim\Psr7\Request), Object(Slim\Routing\Route))
#5 /var/www/html/vendor/slim/slim/Slim/MiddlewareDispatcher.php(81): class@anonymous->handle(Object(Slim\Psr7\Request))
#6 /var/www/html/vendor/slim/slim/Slim/MiddlewareDispatcher.php(81): Slim\MiddlewareDispatcher->handle(Object(Slim\Psr7\Request))
#7 /var/www/html/vendor/slim/slim/Slim/Routing/Route.php(341): Slim\MiddlewareDispatcher->handle(Object(Slim\Psr7\Request))
#8 /var/www/html/vendor/slim/slim/Slim/Routing/RouteRunner.php(84): Slim\Routing\Route->run(Object(Slim\Psr7\Request))
#9 /var/www/html/vendor/slim/slim/Slim/Middleware/ErrorMiddleware.php(107): Slim\Routing\RouteRunner->handle(Object(Slim\Psr7\Request))
#10 /var/www/html/vendor/slim/slim/Slim/MiddlewareDispatcher.php(147): Slim\Middleware\ErrorMiddleware->process(Object(Slim\Psr7\Request), Object(Slim\Routing\RouteRunner))
#11 /var/www/html/vendor/slim/slim/Slim/Middleware/RoutingMiddleware.php(59): class@anonymous->handle(Object(Slim\Psr7\Request))
#12 /var/www/html/vendor/slim/slim/Slim/MiddlewareDispatcher.php(147): Slim\Middleware\RoutingMiddle
2020/12/12 16:58:23 [error] 27#27: *15 FastCGI sent in stderr: "PHP message: Slim Application Error
Type: TypeError
Code: 0
Message: Argument 1 passed to App\Domain\User\VOs\EmailVo::__construct() must be of the type string, null given, called in /var/www/html/src/App/Controllers/UserController.php on line 36
File: /var/www/html/src/Domain/User/VOs/EmailVo.php
Line: 20
Trace: #0 /var/www/html/src/App/Controllers/UserController.php(36): App\Domain\User\VOs\EmailVo->__construct(NULL)
#1 /var/www/html/vendor/slim/slim/Slim/Handlers/Strategies/RequestResponse.php(43): App\App\Controllers\UserController->save(Object(Slim\Psr7\Request), Object(Slim\Psr7\Response), Array)
#2 /var/www/html/vendor/slim/slim/Slim/Routing/Route.php(384): Slim\Handlers\Strategies\RequestResponse->__invoke(Array, Object(Slim\Psr7\Request), Object(Slim\Psr7\Response), Array)
#3 /var/www/html/src/App/Middleware/NormalizeErrorsResponses.php(16): Slim\Routing\Route->handle(Object(Slim\Psr7\Request))
#4 /var/www/html/vendor/slim/slim/Slim/MiddlewareDispatcher.php(209): App\App\Middleware\NormalizeErrorsResponses->__invoke(Object(Slim\Psr7\Request), Object(Slim\Routing\Route))
#5 /var/www/html/src/App/Middleware/ParseRequest.php(21): class@anonymous->handle(Object(Slim\Psr7\Request))
#6 /var/www/html/vendor/slim/slim/Slim/MiddlewareDispatcher.php(209): App\App\Middleware\ParseRequest->__invoke(Object(Slim\Psr7\Request), Object(class@anonymous))
#7 /var/www/html/vendor/slim/slim/Slim/MiddlewareDispatcher.php(81): class@anonymous->handle(Object(Slim\Psr7\Request))
#8 /var/www/html/vendor/slim/slim/Slim/MiddlewareDispatcher.php(81): Slim\MiddlewareDispatcher->handle(Object(Slim\Psr7\Request))
#9 /var/www/html/vendor/slim/slim/Slim/Routing/Route.php(341): Slim\MiddlewareDispatcher->handle(Object(Slim\Psr7\Request))
#10 /var/www/html/vendor/slim/slim/Slim/Routing/RouteRunner.php(84): Slim\Routing\Route->run(Object(Slim\Psr7\Request))
#11 /var/www/html/vendor/slim/slim/Slim/Middleware/ErrorMiddleware.php(107): Slim\Routing\RouteRunner->handle(Object(Sli
2020/12/12 16:58:48 [error] 27#27: *15 FastCGI sent in stderr: "PHP message: Slim Application Error
Type: TypeError
Code: 0
Message: Argument 1 passed to App\Domain\User\VOs\EmailVo::__construct() must be of the type string, null given, called in /var/www/html/src/App/Controllers/UserController.php on line 36
File: /var/www/html/src/Domain/User/VOs/EmailVo.php
Line: 20
Trace: #0 /var/www/html/src/App/Controllers/UserController.php(36): App\Domain\User\VOs\EmailVo->__construct(NULL)
#1 /var/www/html/vendor/slim/slim/Slim/Handlers/Strategies/RequestResponse.php(43): App\App\Controllers\UserController->save(Object(Slim\Psr7\Request), Object(Slim\Psr7\Response), Array)
#2 /var/www/html/vendor/slim/slim/Slim/Routing/Route.php(384): Slim\Handlers\Strategies\RequestResponse->__invoke(Array, Object(Slim\Psr7\Request), Object(Slim\Psr7\Response), Array)
#3 /var/www/html/src/App/Middleware/NormalizeErrorsResponses.php(16): Slim\Routing\Route->handle(Object(Slim\Psr7\Request))
#4 /var/www/html/vendor/slim/slim/Slim/MiddlewareDispatcher.php(209): App\App\Middleware\NormalizeErrorsResponses->__invoke(Object(Slim\Psr7\Request), Object(Slim\Routing\Route))
#5 /var/www/html/src/App/Middleware/ParseRequest.php(21): class@anonymous->handle(Object(Slim\Psr7\Request))
#6 /var/www/html/vendor/slim/slim/Slim/MiddlewareDispatcher.php(209): App\App\Middleware\ParseRequest->__invoke(Object(Slim\Psr7\Request), Object(class@anonymous))
#7 /var/www/html/vendor/slim/slim/Slim/MiddlewareDispatcher.php(81): class@anonymous->handle(Object(Slim\Psr7\Request))
#8 /var/www/html/vendor/slim/slim/Slim/MiddlewareDispatcher.php(81): Slim\MiddlewareDispatcher->handle(Object(Slim\Psr7\Request))
#9 /var/www/html/vendor/slim/slim/Slim/Routing/Route.php(341): Slim\MiddlewareDispatcher->handle(Object(Slim\Psr7\Request))
#10 /var/www/html/vendor/slim/slim/Slim/Routing/RouteRunner.php(84): Slim\Routing\Route->run(Object(Slim\Psr7\Request))
#11 /var/www/html/vendor/slim/slim/Slim/Middleware/ErrorMiddleware.php(107): Slim\Routing\RouteRunner->handle(Object(Sli
2020/12/12 17:25:51 [error] 27#27: *30 FastCGI sent in stderr: "PHP message: Slim Application Error
Type: Error
Code: 0
Message: Call to a member function getErrors() on null
File: /var/www/html/src/App/Controllers/UserController.php
Line: 72
Trace: #0 /var/www/html/vendor/slim/slim/Slim/Handlers/Strategies/RequestResponse.php(43): App\App\Controllers\UserController->save(Object(Slim\Psr7\Request), Object(Slim\Psr7\Response), Array)
#1 /var/www/html/vendor/slim/slim/Slim/Routing/Route.php(384): Slim\Handlers\Strategies\RequestResponse->__invoke(Array, Object(Slim\Psr7\Request), Object(Slim\Psr7\Response), Array)
#2 /var/www/html/src/App/Middleware/NormalizeErrorsResponses.php(16): Slim\Routing\Route->handle(Object(Slim\Psr7\Request))
#3 /var/www/html/vendor/slim/slim/Slim/MiddlewareDispatcher.php(209): App\App\Middleware\NormalizeErrorsResponses->__invoke(Object(Slim\Psr7\Request), Object(Slim\Routing\Route))
#4 /var/www/html/src/App/Middleware/ParseRequest.php(21): class@anonymous->handle(Object(Slim\Psr7\Request))
#5 /var/www/html/vendor/slim/slim/Slim/MiddlewareDispatcher.php(209): App\App\Middleware\ParseRequest->__invoke(Object(Slim\Psr7\Request), Object(class@anonymous))
#6 /var/www/html/vendor/slim/slim/Slim/MiddlewareDispatcher.php(81): class@anonymous->handle(Object(Slim\Psr7\Request))
#7 /var/www/html/vendor/slim/slim/Slim/MiddlewareDispatcher.php(81): Slim\MiddlewareDispatcher->handle(Object(Slim\Psr7\Request))
#8 /var/www/html/vendor/slim/slim/Slim/Routing/Route.php(341): Slim\MiddlewareDispatcher->handle(Object(Slim\Psr7\Request))
#9 /var/www/html/vendor/slim/slim/Slim/Routing/RouteRunner.php(84): Slim\Routing\Route->run(Object(Slim\Psr7\Request))
#10 /var/www/html/vendor/slim/slim/Slim/Middleware/ErrorMiddleware.php(107): Slim\Routing\RouteRunner->handle(Object(Slim\Psr7\Request))
#11 /var/www/html/vendor/slim/slim/Slim/MiddlewareDispatcher.php(147): Slim\Middleware\ErrorMiddleware->process(Object(Slim\Psr7\Request), Object(Slim\Routing\RouteRunner))
#12 /var/www/html/vendor/slim/slim/Slim/Middlewa
2020/12/12 19:19:38 [error] 27#27: *138 FastCGI sent in stderr: "PHP message: Slim Application Error
Type: ParseError
Code: 0
Message: syntax error, unexpected ')'
File: /var/www/html/src/Domain/User/AuthService.php
Line: 29
Trace: #0 /var/www/html/vendor/composer/ClassLoader.php(322): Composer\Autoload\includeFile('/var/www/html/v...')
#1 [internal function]: Composer\Autoload\ClassLoader->loadClass('App\\Domain\\User...')
#2 [internal function]: spl_autoload_call('App\\Domain\\User...')
#3 /var/www/html/vendor/php-di/php-di/src/Definition/Source/ReflectionBasedAutowiring.php(23): class_exists('App\\Domain\\User...')
#4 /var/www/html/vendor/php-di/php-di/src/Definition/Source/ReflectionBasedAutowiring.php(42): DI\Definition\Source\ReflectionBasedAutowiring->autowire('App\\Domain\\User...')
#5 /var/www/html/vendor/php-di/php-di/src/Definition/Source/SourceChain.php(54): DI\Definition\Source\ReflectionBasedAutowiring->getDefinition('App\\Domain\\User...')
#6 /var/www/html/vendor/php-di/php-di/src/Container.php(154): DI\Definition\Source\SourceChain->getDefinition('App\\Domain\\User...')
#7 /var/www/html/vendor/php-di/php-di/src/Container.php(133): DI\Container->getDefinition('App\\Domain\\User...')
#8 /var/www/html/vendor/php-di/php-di/src/Definition/Reference.php(53): DI\Container->get('App\\Domain\\User...')
#9 /var/www/html/vendor/php-di/php-di/src/Definition/Resolver/ResolverDispatcher.php(66): DI\Definition\Reference->resolve(Object(DI\Container))
#10 /var/www/html/vendor/php-di/php-di/src/Definition/Resolver/ParameterResolver.php(78): DI\Definition\Resolver\ResolverDispatcher->resolve(Object(DI\Definition\Reference))
#11 /var/www/html/vendor/php-di/php-di/src/Definition/Resolver/ObjectCreator.php(138): DI\Definition\Resolver\ParameterResolver->resolveParameters(Object(DI\Definition\ObjectDefinition\MethodInjection), Object(ReflectionMethod), Array)
#12 /var/www/html/vendor/php-di/php-di/src/Definition/Resolver/ObjectCreator.php(71): DI\Definition\Resolver\ObjectCreator->createInstance(Object(DI\Definition\O
2020/12/12 19:19:38 [error] 27#27: *138 FastCGI sent in stderr: "/www/html/vendor/slim/slim/Slim/Middleware/ErrorMiddleware.php(107): Slim\Routing\RouteRunner->handle(Object(Slim\Psr7\Request))
#29 /var/www/html/vendor/slim/slim/Slim/MiddlewareDispatcher.php(147): Slim\Middleware\ErrorMiddleware->process(Object(Slim\Psr7\Request), Object(Slim\Routing\RouteRunner))
#30 /var/www/html/vendor/slim/slim/Slim/Middleware/RoutingMiddleware.php(59): class@anonymous->handle(Object(Slim\Psr7\Request))
#31 /var/www/html/vendor/slim/slim/Slim/MiddlewareDispatcher.php(147): Slim\Middleware\RoutingMiddleware->process(Object(Slim\Psr7\Request), Object(class@anonymous))
#32 /var/www/html/vendor/slim/slim/Slim/MiddlewareDispatcher.php(81): class@anonymous->handle(Object(Slim\Psr7\Request))
#33 /var/www/html/vendor/slim/slim/Slim/App.php(215): Slim\MiddlewareDispatcher->handle(Object(Slim\Psr7\Request))
#34 /var/www/html/vendor/slim/slim/Slim/App.php(199): Slim\App->handle(Object(Slim\Psr7\Request))
#35 /var/www/html/public/index.php(23): Slim\App->run()
#36 {main}" while reading response header from upstream, client: 172.24.0.1, server: blog.local, request: "POST /login HTTP/1.1", upstream: "fastcgi://172.24.0.3:9000", host: "blog.local"
2020/12/12 19:21:29 [error] 27#27: *138 FastCGI sent in stderr: "PHP message: Slim Application Error
Type: ArgumentCountError
Code: 0
Message: Too few arguments to function App\Domain\User\AuthService::auth(), 0 passed in /var/www/html/src/App/Controllers/LoginController.php on line 39 and exactly 1 expected
File: /var/www/html/src/Domain/User/AuthService.php
Line: 25
Trace: #0 /var/www/html/src/App/Controllers/LoginController.php(39): App\Domain\User\AuthService->auth()
#1 /var/www/html/vendor/slim/slim/Slim/Handlers/Strategies/RequestResponse.php(43): App\App\Controllers\LoginController->auth(Object(Slim\Psr7\Request), Object(Slim\Psr7\Response), Array)
#2 /var/www/html/vendor/slim/slim/Slim/Routing/Route.php(384): Slim\Handlers\Strategies\RequestResponse->__invoke(Array, Object(Slim\Psr7\Request), Object(Slim\Psr7\Response), Array)
#3 /var/www/html/src/App/Middleware/NormalizeErrorsResponses.php(16): Slim\Routing\Route->handle(Object(Slim\Psr7\Request))
#4 /var/www/html/vendor/slim/slim/Slim/MiddlewareDispatcher.php(209): App\App\Middleware\NormalizeErrorsResponses->__invoke(Object(Slim\Psr7\Request), Object(Slim\Routing\Route))
#5 /var/www/html/src/App/Middleware/ParseRequest.php(21): class@anonymous->handle(Object(Slim\Psr7\Request))
#6 /var/www/html/vendor/slim/slim/Slim/MiddlewareDispatcher.php(209): App\App\Middleware\ParseRequest->__invoke(Object(Slim\Psr7\Request), Object(class@anonymous))
#7 /var/www/html/vendor/slim/slim/Slim/MiddlewareDispatcher.php(81): class@anonymous->handle(Object(Slim\Psr7\Request))
#8 /var/www/html/vendor/slim/slim/Slim/MiddlewareDispatcher.php(81): Slim\MiddlewareDispatcher->handle(Object(Slim\Psr7\Request))
#9 /var/www/html/vendor/slim/slim/Slim/Routing/Route.php(341): Slim\MiddlewareDispatcher->handle(Object(Slim\Psr7\Request))
#10 /var/www/html/vendor/slim/slim/Slim/Routing/RouteRunner.php(84): Slim\Routing\Route->run(Object(Slim\Psr7\Request))
#11 /var/www/html/vendor/slim/slim/Slim/Middleware/ErrorMiddleware.php(107): Slim\Routing\RouteRunner->handle(Object(Slim\Psr7\Req
2020/12/12 19:28:05 [error] 27#27: *147 FastCGI sent in stderr: "PHP message: Slim Application Error
Type: TypeError
Code: 0
Message: password_verify() expects parameter 2 to be string, null given
File: /var/www/html/src/Domain/User/AuthService.php
Line: 36
Trace: #0 /var/www/html/src/Domain/User/AuthService.php(36): password_verify('123456', NULL)
#1 /var/www/html/src/App/Controllers/LoginController.php(45): App\Domain\User\AuthService->auth(Object(App\Domain\User\DTOs\AuthUserDTO))
#2 /var/www/html/vendor/slim/slim/Slim/Handlers/Strategies/RequestResponse.php(43): App\App\Controllers\LoginController->auth(Object(Slim\Psr7\Request), Object(Slim\Psr7\Response), Array)
#3 /var/www/html/vendor/slim/slim/Slim/Routing/Route.php(384): Slim\Handlers\Strategies\RequestResponse->__invoke(Array, Object(Slim\Psr7\Request), Object(Slim\Psr7\Response), Array)
#4 /var/www/html/src/App/Middleware/NormalizeErrorsResponses.php(16): Slim\Routing\Route->handle(Object(Slim\Psr7\Request))
#5 /var/www/html/vendor/slim/slim/Slim/MiddlewareDispatcher.php(209): App\App\Middleware\NormalizeErrorsResponses->__invoke(Object(Slim\Psr7\Request), Object(Slim\Routing\Route))
#6 /var/www/html/src/App/Middleware/ParseRequest.php(21): class@anonymous->handle(Object(Slim\Psr7\Request))
#7 /var/www/html/vendor/slim/slim/Slim/MiddlewareDispatcher.php(209): App\App\Middleware\ParseRequest->__invoke(Object(Slim\Psr7\Request), Object(class@anonymous))
#8 /var/www/html/vendor/slim/slim/Slim/MiddlewareDispatcher.php(81): class@anonymous->handle(Object(Slim\Psr7\Request))
#9 /var/www/html/vendor/slim/slim/Slim/MiddlewareDispatcher.php(81): Slim\MiddlewareDispatcher->handle(Object(Slim\Psr7\Request))
#10 /var/www/html/vendor/slim/slim/Slim/Routing/Route.php(341): Slim\MiddlewareDispatcher->handle(Object(Slim\Psr7\Request))
#11 /var/www/html/vendor/slim/slim/Slim/Routing/RouteRunner.php(84): Slim\Routing\Route->run(Object(Slim\Psr7\Request))
#12 /var/www/html/vendor/slim/slim/Slim/Middleware/ErrorMiddleware.php(107): Slim\Routing\RouteRunner->handle(Object
2020/12/12 19:28:18 [error] 27#27: *147 FastCGI sent in stderr: "PHP message: Slim Application Error
Type: TypeError
Code: 0
Message: password_verify() expects parameter 2 to be string, null given
File: /var/www/html/src/Domain/User/AuthService.php
Line: 36
Trace: #0 /var/www/html/src/Domain/User/AuthService.php(36): password_verify('123456', NULL)
#1 /var/www/html/src/App/Controllers/LoginController.php(45): App\Domain\User\AuthService->auth(Object(App\Domain\User\DTOs\AuthUserDTO))
#2 /var/www/html/vendor/slim/slim/Slim/Handlers/Strategies/RequestResponse.php(43): App\App\Controllers\LoginController->auth(Object(Slim\Psr7\Request), Object(Slim\Psr7\Response), Array)
#3 /var/www/html/vendor/slim/slim/Slim/Routing/Route.php(384): Slim\Handlers\Strategies\RequestResponse->__invoke(Array, Object(Slim\Psr7\Request), Object(Slim\Psr7\Response), Array)
#4 /var/www/html/src/App/Middleware/NormalizeErrorsResponses.php(16): Slim\Routing\Route->handle(Object(Slim\Psr7\Request))
#5 /var/www/html/vendor/slim/slim/Slim/MiddlewareDispatcher.php(209): App\App\Middleware\NormalizeErrorsResponses->__invoke(Object(Slim\Psr7\Request), Object(Slim\Routing\Route))
#6 /var/www/html/src/App/Middleware/ParseRequest.php(21): class@anonymous->handle(Object(Slim\Psr7\Request))
#7 /var/www/html/vendor/slim/slim/Slim/MiddlewareDispatcher.php(209): App\App\Middleware\ParseRequest->__invoke(Object(Slim\Psr7\Request), Object(class@anonymous))
#8 /var/www/html/vendor/slim/slim/Slim/MiddlewareDispatcher.php(81): class@anonymous->handle(Object(Slim\Psr7\Request))
#9 /var/www/html/vendor/slim/slim/Slim/MiddlewareDispatcher.php(81): Slim\MiddlewareDispatcher->handle(Object(Slim\Psr7\Request))
#10 /var/www/html/vendor/slim/slim/Slim/Routing/Route.php(341): Slim\MiddlewareDispatcher->handle(Object(Slim\Psr7\Request))
#11 /var/www/html/vendor/slim/slim/Slim/Routing/RouteRunner.php(84): Slim\Routing\Route->run(Object(Slim\Psr7\Request))
#12 /var/www/html/vendor/slim/slim/Slim/Middleware/ErrorMiddleware.php(107): Slim\Routing\RouteRunner->handle(Object
2020/12/12 19:35:59 [error] 27#27: *167 FastCGI sent in stderr: "PHP message: Slim Application Error
Type: TypeError
Code: 0
Message: Return value of App\App\Infra\Repositories\User\UserRepository::findAll() must be of the type array or null, none returned
File: /var/www/html/src/App/Infra/Repositories/User/UserRepository.php
Line: 34
Trace: #0 /var/www/html/src/Domain/User/UserService.php(35): App\App\Infra\Repositories\User\UserRepository->findAll()
#1 /var/www/html/src/App/Controllers/UserController.php(68): App\Domain\User\UserService->findAll()
#2 /var/www/html/vendor/slim/slim/Slim/Handlers/Strategies/RequestResponse.php(43): App\App\Controllers\UserController->findAll(Object(Slim\Psr7\Request), Object(Slim\Psr7\Response), Array)
#3 /var/www/html/vendor/slim/slim/Slim/Routing/Route.php(384): Slim\Handlers\Strategies\RequestResponse->__invoke(Array, Object(Slim\Psr7\Request), Object(Slim\Psr7\Response), Array)
#4 /var/www/html/vendor/tuupola/slim-jwt-auth/src/JwtAuthentication.php(178): Slim\Routing\Route->handle(Object(Slim\Psr7\Request))
#5 /var/www/html/vendor/slim/slim/Slim/MiddlewareDispatcher.php(147): Tuupola\Middleware\JwtAuthentication->process(Object(Slim\Psr7\Request), Object(Slim\Routing\Route))
#6 /var/www/html/vendor/slim/slim/Slim/MiddlewareDispatcher.php(81): class@anonymous->handle(Object(Slim\Psr7\Request))
#7 /var/www/html/vendor/slim/slim/Slim/MiddlewareDispatcher.php(81): Slim\MiddlewareDispatcher->handle(Object(Slim\Psr7\Request))
#8 /var/www/html/vendor/slim/slim/Slim/Routing/Route.php(341): Slim\MiddlewareDispatcher->handle(Object(Slim\Psr7\Request))
#9 /var/www/html/vendor/slim/slim/Slim/Routing/RouteRunner.php(84): Slim\Routing\Route->run(Object(Slim\Psr7\Request))
#10 /var/www/html/vendor/slim/slim/Slim/Middleware/ErrorMiddleware.php(107): Slim\Routing\RouteRunner->handle(Object(Slim\Psr7\Request))
#11 /var/www/html/vendor/slim/slim/Slim/MiddlewareDispatcher.php(147): Slim\Middleware\ErrorMiddleware->process(Object(Slim\Psr7\Request), Object(Slim\Routing\RouteRunner))
#12 /var/www
2020/12/12 19:36:32 [error] 27#27: *167 FastCGI sent in stderr: "PHP message: Slim Application Error
Type: TypeError
Code: 0
Message: Return value of Slim\Handlers\Strategies\RequestResponse::__invoke() must implement interface Psr\Http\Message\ResponseInterface, array returned
File: /var/www/html/vendor/slim/slim/Slim/Handlers/Strategies/RequestResponse.php
Line: 43
Trace: #0 /var/www/html/vendor/slim/slim/Slim/Routing/Route.php(384): Slim\Handlers\Strategies\RequestResponse->__invoke(Array, Object(Slim\Psr7\Request), Object(Slim\Psr7\Response), Array)
#1 /var/www/html/vendor/tuupola/slim-jwt-auth/src/JwtAuthentication.php(178): Slim\Routing\Route->handle(Object(Slim\Psr7\Request))
#2 /var/www/html/vendor/slim/slim/Slim/MiddlewareDispatcher.php(147): Tuupola\Middleware\JwtAuthentication->process(Object(Slim\Psr7\Request), Object(Slim\Routing\Route))
#3 /var/www/html/vendor/slim/slim/Slim/MiddlewareDispatcher.php(81): class@anonymous->handle(Object(Slim\Psr7\Request))
#4 /var/www/html/vendor/slim/slim/Slim/MiddlewareDispatcher.php(81): Slim\MiddlewareDispatcher->handle(Object(Slim\Psr7\Request))
#5 /var/www/html/vendor/slim/slim/Slim/Routing/Route.php(341): Slim\MiddlewareDispatcher->handle(Object(Slim\Psr7\Request))
#6 /var/www/html/vendor/slim/slim/Slim/Routing/RouteRunner.php(84): Slim\Routing\Route->run(Object(Slim\Psr7\Request))
#7 /var/www/html/vendor/slim/slim/Slim/Middleware/ErrorMiddleware.php(107): Slim\Routing\RouteRunner->handle(Object(Slim\Psr7\Request))
#8 /var/www/html/vendor/slim/slim/Slim/MiddlewareDispatcher.php(147): Slim\Middleware\ErrorMiddleware->process(Object(Slim\Psr7\Request), Object(Slim\Routing\RouteRunner))
#9 /var/www/html/vendor/slim/slim/Slim/Middleware/RoutingMiddleware.php(59): class@anonymous->handle(Object(Slim\Psr7\Request))
#10 /var/www/html/vendor/slim/slim/Slim/MiddlewareDispatcher.php(147): Slim\Middleware\RoutingMiddleware->process(Object(Slim\Psr7\Request), Object(class@anonymous))
#11 /var/www/html/vendor/slim/slim/Slim/MiddlewareDispatcher.php(81): class@anonymous->ha
2020/12/12 19:37:14 [error] 27#27: *167 FastCGI sent in stderr: "PHP message: Slim Application Error
Type: Error
Code: 0
Message: Call to a member function getBody() on null
File: /var/www/html/src/App/Controllers/UserController.php
Line: 68
Trace: #0 /var/www/html/vendor/slim/slim/Slim/Handlers/Strategies/RequestResponse.php(43): App\App\Controllers\UserController->findAll(Object(Slim\Psr7\Request), Object(Slim\Psr7\Response), Array)
#1 /var/www/html/vendor/slim/slim/Slim/Routing/Route.php(384): Slim\Handlers\Strategies\RequestResponse->__invoke(Array, Object(Slim\Psr7\Request), Object(Slim\Psr7\Response), Array)
#2 /var/www/html/vendor/tuupola/slim-jwt-auth/src/JwtAuthentication.php(178): Slim\Routing\Route->handle(Object(Slim\Psr7\Request))
#3 /var/www/html/vendor/slim/slim/Slim/MiddlewareDispatcher.php(147): Tuupola\Middleware\JwtAuthentication->process(Object(Slim\Psr7\Request), Object(Slim\Routing\Route))
#4 /var/www/html/vendor/slim/slim/Slim/MiddlewareDispatcher.php(81): class@anonymous->handle(Object(Slim\Psr7\Request))
#5 /var/www/html/vendor/slim/slim/Slim/MiddlewareDispatcher.php(81): Slim\MiddlewareDispatcher->handle(Object(Slim\Psr7\Request))
#6 /var/www/html/vendor/slim/slim/Slim/Routing/Route.php(341): Slim\MiddlewareDispatcher->handle(Object(Slim\Psr7\Request))
#7 /var/www/html/vendor/slim/slim/Slim/Routing/RouteRunner.php(84): Slim\Routing\Route->run(Object(Slim\Psr7\Request))
#8 /var/www/html/vendor/slim/slim/Slim/Middleware/ErrorMiddleware.php(107): Slim\Routing\RouteRunner->handle(Object(Slim\Psr7\Request))
#9 /var/www/html/vendor/slim/slim/Slim/MiddlewareDispatcher.php(147): Slim\Middleware\ErrorMiddleware->process(Object(Slim\Psr7\Request), Object(Slim\Routing\RouteRunner))
#10 /var/www/html/vendor/slim/slim/Slim/Middleware/RoutingMiddleware.php(59): class@anonymous->handle(Object(Slim\Psr7\Request))
#11 /var/www/html/vendor/slim/slim/Slim/MiddlewareDispatcher.php(147): Slim\Middleware\RoutingMiddleware->process(Object(Slim\Psr7\Request), Object(class@anonymous))
#12 /var/www/html/vendor/s
2020/12/12 19:39:17 [error] 27#27: *167 FastCGI sent in stderr: "PHP message: Slim Application Error
Type: TypeError
Code: 0
Message: Return value of App\App\Infra\DAO\UserDAO::findByEmail() must be of the type array, bool returned
File: /var/www/html/src/App/Infra/DAO/UserDAO.php
Line: 35
Trace: #0 /var/www/html/src/App/Infra/Repositories/User/UserRepository.php(23): App\App\Infra\DAO\UserDAO->findByEmail('gui2@email.com')
#1 /var/www/html/src/Domain/User/UserService.php(26): App\App\Infra\Repositories\User\UserRepository->findUserByEmail(Object(App\Domain\User\VOs\EmailVo))
#2 /var/www/html/src/App/Controllers/UserController.php(48): App\Domain\User\UserService->save(Object(App\Domain\User\DTOs\CreateUserDTO))
#3 /var/www/html/vendor/slim/slim/Slim/Handlers/Strategies/RequestResponse.php(43): App\App\Controllers\UserController->save(Object(Slim\Psr7\Request), Object(Slim\Psr7\Response), Array)
#4 /var/www/html/vendor/slim/slim/Slim/Routing/Route.php(384): Slim\Handlers\Strategies\RequestResponse->__invoke(Array, Object(Slim\Psr7\Request), Object(Slim\Psr7\Response), Array)
#5 /var/www/html/src/App/Middleware/NormalizeErrorsResponses.php(16): Slim\Routing\Route->handle(Object(Slim\Psr7\Request))
#6 /var/www/html/vendor/slim/slim/Slim/MiddlewareDispatcher.php(209): App\App\Middleware\NormalizeErrorsResponses->__invoke(Object(Slim\Psr7\Request), Object(Slim\Routing\Route))
#7 /var/www/html/src/App/Middleware/ParseRequest.php(21): class@anonymous->handle(Object(Slim\Psr7\Request))
#8 /var/www/html/vendor/slim/slim/Slim/MiddlewareDispatcher.php(209): App\App\Middleware\ParseRequest->__invoke(Object(Slim\Psr7\Request), Object(class@anonymous))
#9 /var/www/html/vendor/slim/slim/Slim/MiddlewareDispatcher.php(81): class@anonymous->handle(Object(Slim\Psr7\Request))
#10 /var/www/html/vendor/slim/slim/Slim/MiddlewareDispatcher.php(81): Slim\MiddlewareDispatcher->handle(Object(Slim\Psr7\Request))
#11 /var/www/html/vendor/slim/slim/Slim/Routing/Route.php(341): Slim\MiddlewareDispatcher->handle(Object(Slim\Psr7\Request))
#12
2020/12/12 19:40:12 [error] 27#27: *167 FastCGI sent in stderr: "PHP message: Slim Application Error
Type: TypeError
Code: 0
Message: Return value of App\App\Infra\Repositories\User\UserRepository::findUserByEmail() must be of the type array, bool returned
File: /var/www/html/src/App/Infra/Repositories/User/UserRepository.php
Line: 23
Trace: #0 /var/www/html/src/Domain/User/UserService.php(26): App\App\Infra\Repositories\User\UserRepository->findUserByEmail(Object(App\Domain\User\VOs\EmailVo))
#1 /var/www/html/src/App/Controllers/UserController.php(48): App\Domain\User\UserService->save(Object(App\Domain\User\DTOs\CreateUserDTO))
#2 /var/www/html/vendor/slim/slim/Slim/Handlers/Strategies/RequestResponse.php(43): App\App\Controllers\UserController->save(Object(Slim\Psr7\Request), Object(Slim\Psr7\Response), Array)
#3 /var/www/html/vendor/slim/slim/Slim/Routing/Route.php(384): Slim\Handlers\Strategies\RequestResponse->__invoke(Array, Object(Slim\Psr7\Request), Object(Slim\Psr7\Response), Array)
#4 /var/www/html/src/App/Middleware/NormalizeErrorsResponses.php(16): Slim\Routing\Route->handle(Object(Slim\Psr7\Request))
#5 /var/www/html/vendor/slim/slim/Slim/MiddlewareDispatcher.php(209): App\App\Middleware\NormalizeErrorsResponses->__invoke(Object(Slim\Psr7\Request), Object(Slim\Routing\Route))
#6 /var/www/html/src/App/Middleware/ParseRequest.php(21): class@anonymous->handle(Object(Slim\Psr7\Request))
#7 /var/www/html/vendor/slim/slim/Slim/MiddlewareDispatcher.php(209): App\App\Middleware\ParseRequest->__invoke(Object(Slim\Psr7\Request), Object(class@anonymous))
#8 /var/www/html/vendor/slim/slim/Slim/MiddlewareDispatcher.php(81): class@anonymous->handle(Object(Slim\Psr7\Request))
#9 /var/www/html/vendor/slim/slim/Slim/MiddlewareDispatcher.php(81): Slim\MiddlewareDispatcher->handle(Object(Slim\Psr7\Request))
#10 /var/www/html/vendor/slim/slim/Slim/Routing/Route.php(341): Slim\MiddlewareDispatcher->handle(Object(Slim\Psr7\Request))
#11 /var/www/html/vendor/slim/slim/Slim/Routing/RouteRunner.php(84): Slim\Routing\Route-
2020/12/13 00:00:51 [error] 27#27: *185 FastCGI sent in stderr: "PHP message: Slim Application Error
Type: TypeError
Code: 0
Message: Argument 1 passed to App\Domain\User\UserService::findById() must be of the type int, null given, called in /var/www/html/src/App/Controllers/UserController.php on line 74
File: /var/www/html/src/Domain/User/UserService.php
Line: 38
Trace: #0 /var/www/html/src/App/Controllers/UserController.php(74): App\Domain\User\UserService->findById(NULL)
#1 /var/www/html/vendor/slim/slim/Slim/Handlers/Strategies/RequestResponse.php(43): App\App\Controllers\UserController->findOne(Object(Slim\Psr7\Request), Object(Slim\Psr7\Response), Array)
#2 /var/www/html/vendor/slim/slim/Slim/Routing/Route.php(384): Slim\Handlers\Strategies\RequestResponse->__invoke(Array, Object(Slim\Psr7\Request), Object(Slim\Psr7\Response), Array)
#3 /var/www/html/src/App/Middleware/NormalizeErrorsResponses.php(16): Slim\Routing\Route->handle(Object(Slim\Psr7\Request))
#4 /var/www/html/vendor/slim/slim/Slim/MiddlewareDispatcher.php(209): App\App\Middleware\NormalizeErrorsResponses->__invoke(Object(Slim\Psr7\Request), Object(Slim\Routing\Route))
#5 /var/www/html/src/App/Middleware/ParseRequest.php(21): class@anonymous->handle(Object(Slim\Psr7\Request))
#6 /var/www/html/vendor/slim/slim/Slim/MiddlewareDispatcher.php(209): App\App\Middleware\ParseRequest->__invoke(Object(Slim\Psr7\Request), Object(class@anonymous))
#7 /var/www/html/vendor/tuupola/slim-jwt-auth/src/JwtAuthentication.php(178): class@anonymous->handle(Object(Slim\Psr7\Request))
#8 /var/www/html/vendor/slim/slim/Slim/MiddlewareDispatcher.php(147): Tuupola\Middleware\JwtAuthentication->process(Object(Slim\Psr7\Request), Object(class@anonymous))
#9 /var/www/html/vendor/slim/slim/Slim/MiddlewareDispatcher.php(81): class@anonymous->handle(Object(Slim\Psr7\Request))
#10 /var/www/html/vendor/slim/slim/Slim/MiddlewareDispatcher.php(81): Slim\MiddlewareDispatcher->handle(Object(Slim\Psr7\Request))
#11 /var/www/html/vendor/slim/slim/Slim/Routing/Route.php(341): Slim\Mi
2020/12/13 00:28:07 [error] 27#27: *202 FastCGI sent in stderr: "PHP message: Slim Application Error
Type: TypeError
Code: 0
Message: password_verify() expects parameter 2 to be string, null given
File: /var/www/html/src/Domain/User/AuthService.php
Line: 37
Trace: #0 /var/www/html/src/Domain/User/AuthService.php(37): password_verify('123456', NULL)
#1 /var/www/html/src/App/Controllers/LoginController.php(46): App\Domain\User\AuthService->auth(Object(App\Domain\User\DTOs\AuthUserDTO))
#2 /var/www/html/vendor/slim/slim/Slim/Handlers/Strategies/RequestResponse.php(43): App\App\Controllers\LoginController->auth(Object(Slim\Psr7\Request), Object(Slim\Psr7\Response), Array)
#3 /var/www/html/vendor/slim/slim/Slim/Routing/Route.php(384): Slim\Handlers\Strategies\RequestResponse->__invoke(Array, Object(Slim\Psr7\Request), Object(Slim\Psr7\Response), Array)
#4 /var/www/html/src/App/Middleware/NormalizeErrorsResponses.php(16): Slim\Routing\Route->handle(Object(Slim\Psr7\Request))
#5 /var/www/html/vendor/slim/slim/Slim/MiddlewareDispatcher.php(209): App\App\Middleware\NormalizeErrorsResponses->__invoke(Object(Slim\Psr7\Request), Object(Slim\Routing\Route))
#6 /var/www/html/src/App/Middleware/ParseRequest.php(21): class@anonymous->handle(Object(Slim\Psr7\Request))
#7 /var/www/html/vendor/slim/slim/Slim/MiddlewareDispatcher.php(209): App\App\Middleware\ParseRequest->__invoke(Object(Slim\Psr7\Request), Object(class@anonymous))
#8 /var/www/html/vendor/slim/slim/Slim/MiddlewareDispatcher.php(81): class@anonymous->handle(Object(Slim\Psr7\Request))
#9 /var/www/html/vendor/slim/slim/Slim/MiddlewareDispatcher.php(81): Slim\MiddlewareDispatcher->handle(Object(Slim\Psr7\Request))
#10 /var/www/html/vendor/slim/slim/Slim/Routing/Route.php(341): Slim\MiddlewareDispatcher->handle(Object(Slim\Psr7\Request))
#11 /var/www/html/vendor/slim/slim/Slim/Routing/RouteRunner.php(84): Slim\Routing\Route->run(Object(Slim\Psr7\Request))
#12 /var/www/html/vendor/slim/slim/Slim/Middleware/ErrorMiddleware.php(107): Slim\Routing\RouteRunner->handle(Object
2020/12/13 00:28:25 [error] 27#27: *202 FastCGI sent in stderr: "PHP message: Slim Application Error
Type: TypeError
Code: 0
Message: password_verify() expects parameter 2 to be string, null given
File: /var/www/html/src/Domain/User/AuthService.php
Line: 37
Trace: #0 /var/www/html/src/Domain/User/AuthService.php(37): password_verify('123456', NULL)
#1 /var/www/html/src/App/Controllers/LoginController.php(46): App\Domain\User\AuthService->auth(Object(App\Domain\User\DTOs\AuthUserDTO))
#2 /var/www/html/vendor/slim/slim/Slim/Handlers/Strategies/RequestResponse.php(43): App\App\Controllers\LoginController->auth(Object(Slim\Psr7\Request), Object(Slim\Psr7\Response), Array)
#3 /var/www/html/vendor/slim/slim/Slim/Routing/Route.php(384): Slim\Handlers\Strategies\RequestResponse->__invoke(Array, Object(Slim\Psr7\Request), Object(Slim\Psr7\Response), Array)
#4 /var/www/html/src/App/Middleware/NormalizeErrorsResponses.php(16): Slim\Routing\Route->handle(Object(Slim\Psr7\Request))
#5 /var/www/html/vendor/slim/slim/Slim/MiddlewareDispatcher.php(209): App\App\Middleware\NormalizeErrorsResponses->__invoke(Object(Slim\Psr7\Request), Object(Slim\Routing\Route))
#6 /var/www/html/src/App/Middleware/ParseRequest.php(21): class@anonymous->handle(Object(Slim\Psr7\Request))
#7 /var/www/html/vendor/slim/slim/Slim/MiddlewareDispatcher.php(209): App\App\Middleware\ParseRequest->__invoke(Object(Slim\Psr7\Request), Object(class@anonymous))
#8 /var/www/html/vendor/slim/slim/Slim/MiddlewareDispatcher.php(81): class@anonymous->handle(Object(Slim\Psr7\Request))
#9 /var/www/html/vendor/slim/slim/Slim/MiddlewareDispatcher.php(81): Slim\MiddlewareDispatcher->handle(Object(Slim\Psr7\Request))
#10 /var/www/html/vendor/slim/slim/Slim/Routing/Route.php(341): Slim\MiddlewareDispatcher->handle(Object(Slim\Psr7\Request))
#11 /var/www/html/vendor/slim/slim/Slim/Routing/RouteRunner.php(84): Slim\Routing\Route->run(Object(Slim\Psr7\Request))
#12 /var/www/html/vendor/slim/slim/Slim/Middleware/ErrorMiddleware.php(107): Slim\Routing\RouteRunner->handle(Object
2020/12/14 21:31:51 [error] 27#27: *5 FastCGI sent in stderr: "PHP message: Slim Application Error
Type: Error
Code: 0
Message: Cannot use object of type stdClass as array
File: /var/www/html/src/App/Middleware/ParseRequest.php
Line: 19
Trace: #0 /var/www/html/vendor/slim/slim/Slim/MiddlewareDispatcher.php(209): App\App\Middleware\ParseRequest->__invoke(Object(Slim\Psr7\Request), Object(class@anonymous))
#1 /var/www/html/vendor/tuupola/slim-jwt-auth/src/JwtAuthentication.php(178): class@anonymous->handle(Object(Slim\Psr7\Request))
#2 /var/www/html/vendor/slim/slim/Slim/MiddlewareDispatcher.php(147): Tuupola\Middleware\JwtAuthentication->process(Object(Slim\Psr7\Request), Object(class@anonymous))
#3 /var/www/html/vendor/slim/slim/Slim/MiddlewareDispatcher.php(81): class@anonymous->handle(Object(Slim\Psr7\Request))
#4 /var/www/html/vendor/slim/slim/Slim/MiddlewareDispatcher.php(81): Slim\MiddlewareDispatcher->handle(Object(Slim\Psr7\Request))
#5 /var/www/html/vendor/slim/slim/Slim/Routing/Route.php(341): Slim\MiddlewareDispatcher->handle(Object(Slim\Psr7\Request))
#6 /var/www/html/vendor/slim/slim/Slim/Routing/RouteRunner.php(84): Slim\Routing\Route->run(Object(Slim\Psr7\Request))
#7 /var/www/html/vendor/slim/slim/Slim/Middleware/ErrorMiddleware.php(107): Slim\Routing\RouteRunner->handle(Object(Slim\Psr7\Request))
#8 /var/www/html/vendor/slim/slim/Slim/MiddlewareDispatcher.php(147): Slim\Middleware\ErrorMiddleware->process(Object(Slim\Psr7\Request), Object(Slim\Routing\RouteRunner))
#9 /var/www/html/vendor/slim/slim/Slim/Middleware/RoutingMiddleware.php(59): class@anonymous->handle(Object(Slim\Psr7\Request))
#10 /var/www/html/vendor/slim/slim/Slim/MiddlewareDispatcher.php(147): Slim\Middleware\RoutingMiddleware->process(Object(Slim\Psr7\Request), Object(class@anonymous))
#11 /var/www/html/vendor/slim/slim/Slim/MiddlewareDispatcher.php(81): class@anonymous->handle(Object(Slim\Psr7\Request))
#12 /var/www/html/vendor/slim/slim/Slim/App.php(215): Slim\MiddlewareDispatcher->handle(Object(Slim\Psr7\Request))
#13 /var/ww
2020/12/14 21:32:45 [error] 27#27: *5 FastCGI sent in stderr: "PHP message: Slim Application Error
Type: Error
Code: 0
Message: Call to undefined method App\App\Infra\Repositories\User\UserRepository::findUserById()
File: /var/www/html/src/Domain/UserService.php
Line: 51
Trace: #0 /var/www/html/src/App/Controllers/UserController.php(65): App\Domain\UserService->findById(1)
#1 /var/www/html/vendor/slim/slim/Slim/Handlers/Strategies/RequestResponse.php(43): App\App\Controllers\UserController->findOne(Object(Slim\Psr7\Request), Object(Slim\Psr7\Response), Array)
#2 /var/www/html/vendor/slim/slim/Slim/Routing/Route.php(384): Slim\Handlers\Strategies\RequestResponse->__invoke(Array, Object(Slim\Psr7\Request), Object(Slim\Psr7\Response), Array)
#3 /var/www/html/src/App/Middleware/NormalizeErrorsResponses.php(16): Slim\Routing\Route->handle(Object(Slim\Psr7\Request))
#4 /var/www/html/vendor/slim/slim/Slim/MiddlewareDispatcher.php(209): App\App\Middleware\NormalizeErrorsResponses->__invoke(Object(Slim\Psr7\Request), Object(Slim\Routing\Route))
#5 /var/www/html/src/App/Middleware/ParseRequest.php(22): class@anonymous->handle(Object(Slim\Psr7\Request))
#6 /var/www/html/vendor/slim/slim/Slim/MiddlewareDispatcher.php(209): App\App\Middleware\ParseRequest->__invoke(Object(Slim\Psr7\Request), Object(class@anonymous))
#7 /var/www/html/vendor/tuupola/slim-jwt-auth/src/JwtAuthentication.php(178): class@anonymous->handle(Object(Slim\Psr7\Request))
#8 /var/www/html/vendor/slim/slim/Slim/MiddlewareDispatcher.php(147): Tuupola\Middleware\JwtAuthentication->process(Object(Slim\Psr7\Request), Object(class@anonymous))
#9 /var/www/html/vendor/slim/slim/Slim/MiddlewareDispatcher.php(81): class@anonymous->handle(Object(Slim\Psr7\Request))
#10 /var/www/html/vendor/slim/slim/Slim/MiddlewareDispatcher.php(81): Slim\MiddlewareDispatcher->handle(Object(Slim\Psr7\Request))
#11 /var/www/html/vendor/slim/slim/Slim/Routing/Route.php(341): Slim\MiddlewareDispatcher->handle(Object(Slim\Psr7\Request))
#12 /var/www/html/vendor/slim/slim/Slim/Routing/R
2020/12/14 21:34:26 [error] 27#27: *5 FastCGI sent in stderr: "PHP message: Slim Application Error
Type: Error
Code: 0
Message: Cannot use object of type Slim\Psr7\Request as array
File: /var/www/html/src/App/Controllers/UserController.php
Line: 71
Trace: #0 /var/www/html/vendor/slim/slim/Slim/Handlers/Strategies/RequestResponse.php(43): App\App\Controllers\UserController->deleteUser(Object(Slim\Psr7\Request), Object(Slim\Psr7\Response), Array)
#1 /var/www/html/vendor/slim/slim/Slim/Routing/Route.php(384): Slim\Handlers\Strategies\RequestResponse->__invoke(Array, Object(Slim\Psr7\Request), Object(Slim\Psr7\Response), Array)
#2 /var/www/html/src/App/Middleware/NormalizeErrorsResponses.php(16): Slim\Routing\Route->handle(Object(Slim\Psr7\Request))
#3 /var/www/html/vendor/slim/slim/Slim/MiddlewareDispatcher.php(209): App\App\Middleware\NormalizeErrorsResponses->__invoke(Object(Slim\Psr7\Request), Object(Slim\Routing\Route))
#4 /var/www/html/src/App/Middleware/ParseRequest.php(22): class@anonymous->handle(Object(Slim\Psr7\Request))
#5 /var/www/html/vendor/slim/slim/Slim/MiddlewareDispatcher.php(209): App\App\Middleware\ParseRequest->__invoke(Object(Slim\Psr7\Request), Object(class@anonymous))
#6 /var/www/html/vendor/tuupola/slim-jwt-auth/src/JwtAuthentication.php(178): class@anonymous->handle(Object(Slim\Psr7\Request))
#7 /var/www/html/vendor/slim/slim/Slim/MiddlewareDispatcher.php(147): Tuupola\Middleware\JwtAuthentication->process(Object(Slim\Psr7\Request), Object(class@anonymous))
#8 /var/www/html/vendor/slim/slim/Slim/MiddlewareDispatcher.php(81): class@anonymous->handle(Object(Slim\Psr7\Request))
#9 /var/www/html/vendor/slim/slim/Slim/MiddlewareDispatcher.php(81): Slim\MiddlewareDispatcher->handle(Object(Slim\Psr7\Request))
#10 /var/www/html/vendor/slim/slim/Slim/Routing/Route.php(341): Slim\MiddlewareDispatcher->handle(Object(Slim\Psr7\Request))
#11 /var/www/html/vendor/slim/slim/Slim/Routing/RouteRunner.php(84): Slim\Routing\Route->run(Object(Slim\Psr7\Request))
#12 /var/www/html/vendor/slim/slim/Slim/Middlew
2020/12/14 21:37:28 [error] 27#27: *16 FastCGI sent in stderr: "PHP message: Slim Application Error
Type: TypeError
Code: 0
Message: Argument 1 passed to App\Domain\UserService::deleteUser() must be an instance of App\Domain\VOs\EmailVo, null given, called in /var/www/html/src/App/Controllers/UserController.php on line 73
File: /var/www/html/src/Domain/UserService.php
Line: 60
Trace: #0 /var/www/html/src/App/Controllers/UserController.php(73): App\Domain\UserService->deleteUser(NULL)
#1 /var/www/html/vendor/slim/slim/Slim/Handlers/Strategies/RequestResponse.php(43): App\App\Controllers\UserController->deleteUser(Object(Slim\Psr7\Request), Object(Slim\Psr7\Response), Array)
#2 /var/www/html/vendor/slim/slim/Slim/Routing/Route.php(384): Slim\Handlers\Strategies\RequestResponse->__invoke(Array, Object(Slim\Psr7\Request), Object(Slim\Psr7\Response), Array)
#3 /var/www/html/src/App/Middleware/NormalizeErrorsResponses.php(16): Slim\Routing\Route->handle(Object(Slim\Psr7\Request))
#4 /var/www/html/vendor/slim/slim/Slim/MiddlewareDispatcher.php(209): App\App\Middleware\NormalizeErrorsResponses->__invoke(Object(Slim\Psr7\Request), Object(Slim\Routing\Route))
#5 /var/www/html/src/App/Middleware/ParseRequest.php(22): class@anonymous->handle(Object(Slim\Psr7\Request))
#6 /var/www/html/vendor/slim/slim/Slim/MiddlewareDispatcher.php(209): App\App\Middleware\ParseRequest->__invoke(Object(Slim\Psr7\Request), Object(class@anonymous))
#7 /var/www/html/vendor/tuupola/slim-jwt-auth/src/JwtAuthentication.php(178): class@anonymous->handle(Object(Slim\Psr7\Request))
#8 /var/www/html/vendor/slim/slim/Slim/MiddlewareDispatcher.php(147): Tuupola\Middleware\JwtAuthentication->process(Object(Slim\Psr7\Request), Object(class@anonymous))
#9 /var/www/html/vendor/slim/slim/Slim/MiddlewareDispatcher.php(81): class@anonymous->handle(Object(Slim\Psr7\Request))
#10 /var/www/html/vendor/slim/slim/Slim/MiddlewareDispatcher.php(81): Slim\MiddlewareDispatcher->handle(Object(Slim\Psr7\Request))
#11 /var/www/html/vendor/slim/slim/Slim/Routing/Route.php(
2020/12/14 21:38:44 [error] 27#27: *16 FastCGI sent in stderr: "PHP message: Slim Application Error
Type: TypeError
Code: 0
Message: Argument 1 passed to App\Domain\UserService::deleteUser() must be an instance of App\Domain\VOs\EmailVo, string given, called in /var/www/html/src/App/Controllers/UserController.php on line 73
File: /var/www/html/src/Domain/UserService.php
Line: 60
Trace: #0 /var/www/html/src/App/Controllers/UserController.php(73): App\Domain\UserService->deleteUser('gui2@email.com')
#1 /var/www/html/vendor/slim/slim/Slim/Handlers/Strategies/RequestResponse.php(43): App\App\Controllers\UserController->deleteUser(Object(Slim\Psr7\Request), Object(Slim\Psr7\Response), Array)
#2 /var/www/html/vendor/slim/slim/Slim/Routing/Route.php(384): Slim\Handlers\Strategies\RequestResponse->__invoke(Array, Object(Slim\Psr7\Request), Object(Slim\Psr7\Response), Array)
#3 /var/www/html/src/App/Middleware/NormalizeErrorsResponses.php(16): Slim\Routing\Route->handle(Object(Slim\Psr7\Request))
#4 /var/www/html/vendor/slim/slim/Slim/MiddlewareDispatcher.php(209): App\App\Middleware\NormalizeErrorsResponses->__invoke(Object(Slim\Psr7\Request), Object(Slim\Routing\Route))
#5 /var/www/html/src/App/Middleware/ParseRequest.php(22): class@anonymous->handle(Object(Slim\Psr7\Request))
#6 /var/www/html/vendor/slim/slim/Slim/MiddlewareDispatcher.php(209): App\App\Middleware\ParseRequest->__invoke(Object(Slim\Psr7\Request), Object(class@anonymous))
#7 /var/www/html/vendor/tuupola/slim-jwt-auth/src/JwtAuthentication.php(178): class@anonymous->handle(Object(Slim\Psr7\Request))
#8 /var/www/html/vendor/slim/slim/Slim/MiddlewareDispatcher.php(147): Tuupola\Middleware\JwtAuthentication->process(Object(Slim\Psr7\Request), Object(class@anonymous))
#9 /var/www/html/vendor/slim/slim/Slim/MiddlewareDispatcher.php(81): class@anonymous->handle(Object(Slim\Psr7\Request))
#10 /var/www/html/vendor/slim/slim/Slim/MiddlewareDispatcher.php(81): Slim\MiddlewareDispatcher->handle(Object(Slim\Psr7\Request))
#11 /var/www/html/vendor/slim/slim/Slim/Rout
2020/12/14 21:54:47 [error] 27#27: *26 FastCGI sent in stderr: "PHP message: Slim Application Error
Type: ArgumentCountError
Code: 0
Message: Too few arguments to function App\App\Middleware\Auth::__invoke(), 2 passed in /var/www/html/vendor/slim/slim/Slim/MiddlewareDispatcher.php on line 209 and exactly 4 expected
File: /var/www/html/src/App/Middleware/Auth.php
Line: 18
Trace: #0 /var/www/html/vendor/slim/slim/Slim/MiddlewareDispatcher.php(209): App\App\Middleware\Auth->__invoke(Object(Slim\Psr7\Request), Object(class@anonymous))
#1 /var/www/html/vendor/slim/slim/Slim/MiddlewareDispatcher.php(81): class@anonymous->handle(Object(Slim\Psr7\Request))
#2 /var/www/html/vendor/slim/slim/Slim/MiddlewareDispatcher.php(81): Slim\MiddlewareDispatcher->handle(Object(Slim\Psr7\Request))
#3 /var/www/html/vendor/slim/slim/Slim/Routing/Route.php(341): Slim\MiddlewareDispatcher->handle(Object(Slim\Psr7\Request))
#4 /var/www/html/vendor/slim/slim/Slim/Routing/RouteRunner.php(84): Slim\Routing\Route->run(Object(Slim\Psr7\Request))
#5 /var/www/html/vendor/slim/slim/Slim/Middleware/ErrorMiddleware.php(107): Slim\Routing\RouteRunner->handle(Object(Slim\Psr7\Request))
#6 /var/www/html/vendor/slim/slim/Slim/MiddlewareDispatcher.php(147): Slim\Middleware\ErrorMiddleware->process(Object(Slim\Psr7\Request), Object(Slim\Routing\RouteRunner))
#7 /var/www/html/vendor/slim/slim/Slim/Middleware/RoutingMiddleware.php(59): class@anonymous->handle(Object(Slim\Psr7\Request))
#8 /var/www/html/vendor/slim/slim/Slim/MiddlewareDispatcher.php(147): Slim\Middleware\RoutingMiddleware->process(Object(Slim\Psr7\Request), Object(class@anonymous))
#9 /var/www/html/vendor/slim/slim/Slim/MiddlewareDispatcher.php(81): class@anonymous->handle(Object(Slim\Psr7\Request))
#10 /var/www/html/vendor/slim/slim/Slim/App.php(215): Slim\MiddlewareDispatcher->handle(Object(Slim\Psr7\Request))
#11 /var/www/html/vendor/slim/slim/Slim/App.php(199): Slim\App->handle(Object(Slim\Psr7\Request))
#12 /var/www/html/public/index.php(23): Slim\App->run()
#13 {main}" while reading r
2020/12/15 01:55:54 [error] 28#28: *115 FastCGI sent in stderr: "PHP message: Slim Application Error
Type: ArgumentCountError
Code: 0
Message: Too few arguments to function App\Domain\PostService::__construct(), 1 passed in /var/www/html/config/containers.php on line 36 and exactly 2 expected
File: /var/www/html/src/Domain/PostService.php
Line: 23
Trace: #0 /var/www/html/config/containers.php(36): App\Domain\PostService->__construct(Object(App\App\Infra\Repositories\Post\PostRepository))
#1 [internal function]: {closure}()
#2 /var/www/html/vendor/php-di/invoker/src/Invoker.php(75): call_user_func_array(Object(Closure), Array)
#3 /var/www/html/vendor/php-di/php-di/src/Definition/Resolver/FactoryResolver.php(80): Invoker\Invoker->call(Object(Closure), Array)
#4 /var/www/html/vendor/php-di/php-di/src/Definition/Resolver/ResolverDispatcher.php(71): DI\Definition\Resolver\FactoryResolver->resolve(Object(DI\Definition\FactoryDefinition), Array)
#5 /var/www/html/vendor/php-di/php-di/src/Container.php(387): DI\Definition\Resolver\ResolverDispatcher->resolve(Object(DI\Definition\FactoryDefinition), Array)
#6 /var/www/html/vendor/php-di/php-di/src/Container.php(138): DI\Container->resolveDefinition(Object(DI\Definition\FactoryDefinition))
#7 /var/www/html/vendor/php-di/php-di/src/Definition/Reference.php(53): DI\Container->get('App\\Domain\\Post...')
#8 /var/www/html/vendor/php-di/php-di/src/Definition/Resolver/ResolverDispatcher.php(66): DI\Definition\Reference->resolve(Object(DI\Container))
#9 /var/www/html/vendor/php-di/php-di/src/Definition/Resolver/ParameterResolver.php(78): DI\Definition\Resolver\ResolverDispatcher->resolve(Object(DI\Definition\Reference))
#10 /var/www/html/vendor/php-di/php-di/src/Definition/Resolver/ObjectCreator.php(138): DI\Definition\Resolver\ParameterResolver->resolveParameters(Object(DI\Definition\ObjectDefinition\MethodInjection), Object(ReflectionMethod), Array)
#11 /var/www/html/vendor/php-di/php-di/src/Definition/Resolver/ObjectCreator.php(71): DI\Definition\Resolver\ObjectCreator->create
2020/12/15 01:55:54 [error] 28#28: *115 FastCGI sent in stderr: "3): App\App\Middleware\UserExists->__invoke(Object(Slim\Psr7\Request), Object(class@anonymous))
#27 /var/www/html/vendor/slim/slim/Slim/MiddlewareDispatcher.php(81): class@anonymous->handle(Object(Slim\Psr7\Request))
#28 /var/www/html/vendor/slim/slim/Slim/MiddlewareDispatcher.php(81): Slim\MiddlewareDispatcher->handle(Object(Slim\Psr7\Request))
#29 /var/www/html/vendor/slim/slim/Slim/Routing/Route.php(341): Slim\MiddlewareDispatcher->handle(Object(Slim\Psr7\Request))
#30 /var/www/html/vendor/slim/slim/Slim/Routing/RouteRunner.php(84): Slim\Routing\Route->run(Object(Slim\Psr7\Request))
#31 /var/www/html/vendor/slim/slim/Slim/Middleware/ErrorMiddleware.php(107): Slim\Routing\RouteRunner->handle(Object(Slim\Psr7\Request))
#32 /var/www/html/vendor/slim/slim/Slim/MiddlewareDispatcher.php(147): Slim\Middleware\ErrorMiddleware->process(Object(Slim\Psr7\Request), Object(Slim\Routing\RouteRunner))
#33 /var/www/html/vendor/slim/slim/Slim/Middleware/RoutingMiddleware.php(59): class@anonymous->handle(Object(Slim\Psr7\Request))
#34 /var/www/html/vendor/slim/slim/Slim/MiddlewareDispatcher.php(147): Slim\Middleware\RoutingMiddleware->process(Object(Slim\Psr7\Request), Object(class@anonymous))
#35 /var/www/html/vendor/slim/slim/Slim/MiddlewareDispatcher.php(81): class@anonymous->handle(Object(Slim\Psr7\Request))
#36 /var/www/html/vendor/slim/slim/Slim/App.php(215): Slim\MiddlewareDispatcher->handle(Object(Slim\Psr7\Request))
#37 /var/www/html/vendor/slim/slim/Slim/App.php(199): Slim\App->handle(Object(Slim\Psr7\Request))
#38 /var/www/html/public/index.php(22): Slim\App->run()
#39 {main}" while reading response header from upstream, client: 172.18.0.1, server: blog.local, request: "POST /post HTTP/1.1", upstream: "fastcgi://172.18.0.3:9000", host: "blog.local"
2020/12/15 01:57:26 [error] 28#28: *117 FastCGI sent in stderr: "PHP message: Slim Application Error
Type: Error
Code: 0
Message: Typed property App\Domain\PostService::$userService must not be accessed before initialization
File: /var/www/html/src/Domain/PostService.php
Line: 33
Trace: #0 /var/www/html/src/App/Controllers/PostController.php(49): App\Domain\PostService->save(Object(App\Domain\DTOs\CreatePostDTO))
#1 /var/www/html/vendor/slim/slim/Slim/Handlers/Strategies/RequestResponse.php(43): App\App\Controllers\PostController->save(Object(Slim\Psr7\Request), Object(Slim\Psr7\Response), Array)
#2 /var/www/html/vendor/slim/slim/Slim/Routing/Route.php(384): Slim\Handlers\Strategies\RequestResponse->__invoke(Array, Object(Slim\Psr7\Request), Object(Slim\Psr7\Response), Array)
#3 /var/www/html/vendor/tuupola/slim-jwt-auth/src/JwtAuthentication.php(178): Slim\Routing\Route->handle(Object(Slim\Psr7\Request))
#4 /var/www/html/vendor/slim/slim/Slim/MiddlewareDispatcher.php(147): Tuupola\Middleware\JwtAuthentication->process(Object(Slim\Psr7\Request), Object(Slim\Routing\Route))
#5 /var/www/html/src/App/Middleware/ParseRequest.php(22): class@anonymous->handle(Object(Slim\Psr7\Request))
#6 /var/www/html/vendor/slim/slim/Slim/MiddlewareDispatcher.php(209): App\App\Middleware\ParseRequest->__invoke(Object(Slim\Psr7\Request), Object(class@anonymous))
#7 /var/www/html/src/App/Middleware/NormalizeErrorsResponses.php(16): class@anonymous->handle(Object(Slim\Psr7\Request))
#8 /var/www/html/vendor/slim/slim/Slim/MiddlewareDispatcher.php(209): App\App\Middleware\NormalizeErrorsResponses->__invoke(Object(Slim\Psr7\Request), Object(class@anonymous))
#9 /var/www/html/src/App/Middleware/UserExists.php(48): class@anonymous->handle(Object(Slim\Psr7\Request))
#10 /var/www/html/vendor/slim/slim/Slim/MiddlewareDispatcher.php(313): App\App\Middleware\UserExists->__invoke(Object(Slim\Psr7\Request), Object(class@anonymous))
#11 /var/www/html/vendor/slim/slim/Slim/MiddlewareDispatcher.php(81): class@anonymous->handle(Object(Slim\Psr7\Reques
2020/12/15 01:57:49 [error] 28#28: *117 FastCGI sent in stderr: "PHP message: Slim Application Error
Type: TypeError
Code: 0
Message: Argument 2 passed to App\App\Infra\Repositories\Post\PostRepository::save() must be of the type int, string given, called in /var/www/html/src/Domain/PostService.php on line 41
File: /var/www/html/src/App/Infra/Repositories/Post/PostRepository.php
Line: 26
Trace: #0 /var/www/html/src/Domain/PostService.php(41): App\App\Infra\Repositories\Post\PostRepository->save(Object(App\Domain\DTOs\CreatePostDTO), '2')
#1 /var/www/html/src/App/Controllers/PostController.php(49): App\Domain\PostService->save(Object(App\Domain\DTOs\CreatePostDTO))
#2 /var/www/html/vendor/slim/slim/Slim/Handlers/Strategies/RequestResponse.php(43): App\App\Controllers\PostController->save(Object(Slim\Psr7\Request), Object(Slim\Psr7\Response), Array)
#3 /var/www/html/vendor/slim/slim/Slim/Routing/Route.php(384): Slim\Handlers\Strategies\RequestResponse->__invoke(Array, Object(Slim\Psr7\Request), Object(Slim\Psr7\Response), Array)
#4 /var/www/html/vendor/tuupola/slim-jwt-auth/src/JwtAuthentication.php(178): Slim\Routing\Route->handle(Object(Slim\Psr7\Request))
#5 /var/www/html/vendor/slim/slim/Slim/MiddlewareDispatcher.php(147): Tuupola\Middleware\JwtAuthentication->process(Object(Slim\Psr7\Request), Object(Slim\Routing\Route))
#6 /var/www/html/src/App/Middleware/ParseRequest.php(22): class@anonymous->handle(Object(Slim\Psr7\Request))
#7 /var/www/html/vendor/slim/slim/Slim/MiddlewareDispatcher.php(209): App\App\Middleware\ParseRequest->__invoke(Object(Slim\Psr7\Request), Object(class@anonymous))
#8 /var/www/html/src/App/Middleware/NormalizeErrorsResponses.php(16): class@anonymous->handle(Object(Slim\Psr7\Request))
#9 /var/www/html/vendor/slim/slim/Slim/MiddlewareDispatcher.php(209): App\App\Middleware\NormalizeErrorsResponses->__invoke(Object(Slim\Psr7\Request), Object(class@anonymous))
#10 /var/www/html/src/App/Middleware/UserExists.php(48): class@anonymous->handle(Object(Slim\Psr7\Request))
#11 /var/www/html/vendo
2020/12/15 01:58:40 [error] 28#28: *117 FastCGI sent in stderr: "PHP message: Slim Application Error
Type: TypeError
Code: 0
Message: Return value of App\Domain\PostService::save() must be of the type string, none returned
File: /var/www/html/src/Domain/PostService.php
Line: 46
Trace: #0 /var/www/html/src/App/Controllers/PostController.php(49): App\Domain\PostService->save(Object(App\Domain\DTOs\CreatePostDTO))
#1 /var/www/html/vendor/slim/slim/Slim/Handlers/Strategies/RequestResponse.php(43): App\App\Controllers\PostController->save(Object(Slim\Psr7\Request), Object(Slim\Psr7\Response), Array)
#2 /var/www/html/vendor/slim/slim/Slim/Routing/Route.php(384): Slim\Handlers\Strategies\RequestResponse->__invoke(Array, Object(Slim\Psr7\Request), Object(Slim\Psr7\Response), Array)
#3 /var/www/html/vendor/tuupola/slim-jwt-auth/src/JwtAuthentication.php(178): Slim\Routing\Route->handle(Object(Slim\Psr7\Request))
#4 /var/www/html/vendor/slim/slim/Slim/MiddlewareDispatcher.php(147): Tuupola\Middleware\JwtAuthentication->process(Object(Slim\Psr7\Request), Object(Slim\Routing\Route))
#5 /var/www/html/src/App/Middleware/ParseRequest.php(22): class@anonymous->handle(Object(Slim\Psr7\Request))
#6 /var/www/html/vendor/slim/slim/Slim/MiddlewareDispatcher.php(209): App\App\Middleware\ParseRequest->__invoke(Object(Slim\Psr7\Request), Object(class@anonymous))
#7 /var/www/html/src/App/Middleware/NormalizeErrorsResponses.php(16): class@anonymous->handle(Object(Slim\Psr7\Request))
#8 /var/www/html/vendor/slim/slim/Slim/MiddlewareDispatcher.php(209): App\App\Middleware\NormalizeErrorsResponses->__invoke(Object(Slim\Psr7\Request), Object(class@anonymous))
#9 /var/www/html/src/App/Middleware/UserExists.php(48): class@anonymous->handle(Object(Slim\Psr7\Request))
#10 /var/www/html/vendor/slim/slim/Slim/MiddlewareDispatcher.php(313): App\App\Middleware\UserExists->__invoke(Object(Slim\Psr7\Request), Object(class@anonymous))
#11 /var/www/html/vendor/slim/slim/Slim/MiddlewareDispatcher.php(81): class@anonymous->handle(Object(Slim\Psr7\Request)
